<?xml version="1.0" encoding="UTF-8"?>
<!-- Generated by org.testng.reporters.JUnitReportReporter -->
<testsuite skipped="0" hostname="GIChirukuri1IN" name="TestScripts.BVT" tests="1" failures="0" timestamp="2020-11-09T18:11:34 IST" time="56.419" errors="0">
  <testcase name="login" time="56.419" classname="TestScripts.BVT"/>
  <system-out/>
</testsuite> <!-- TestScripts.BVT -->
