<?xml version="1.0" encoding="UTF-8"?>
<!-- Generated by org.testng.reporters.JUnitReportReporter -->
<testsuite skipped="0" hostname="GIChirukuri1IN" name="TestScripts.Gamification" tests="1" failures="0" timestamp="2021-03-12T20:58:07 IST" time="105.883" errors="0">
  <testcase name="enableGamificationConfig" time="105.883" classname="TestScripts.Gamification"/>
  <system-out/>
</testsuite> <!-- TestScripts.Gamification -->
