<?xml version="1.0" encoding="UTF-8"?>
<!-- Generated by org.testng.reporters.JUnitReportReporter -->
<testsuite skipped="0" hostname="GIChirukuri1IN" name="TestScripts.IntegrationTC" tests="1" failures="0" timestamp="2020-11-10T16:06:38 IST" time="8.845" errors="0">
  <testcase name="ssoPage" time="8.845" classname="TestScripts.IntegrationTC"/>
  <system-out/>
</testsuite> <!-- TestScripts.IntegrationTC -->
