<?xml version="1.0" encoding="UTF-8"?>
<!-- Generated by org.testng.reporters.JUnitReportReporter -->
<testsuite skipped="0" hostname="GIChirukuri1IN" name="TestScripts.Talent_mng" tests="1" failures="0" timestamp="2020-11-16T16:07:46 IST" time="160.779" errors="0">
  <testcase name="talentBatchProcess" time="160.779" classname="TestScripts.Talent_mng"/>
  <system-out/>
</testsuite> <!-- TestScripts.Talent_mng -->
