<?xml version="1.0" encoding="UTF-8"?>
<!-- Generated by org.testng.reporters.JUnitReportReporter -->
<testsuite skipped="0" hostname="GIChirukuri1IN" name="TestScripts.TCNG" tests="4" failures="0" timestamp="2020-12-01T19:10:02 IST" time="501.459" errors="0">
  <testcase name="tmuImport" time="113.154" classname="TestScripts.TCNG"/>
  <system-out/>
  <testcase name="dsuImport" time="106.151" classname="TestScripts.TCNG"/>
  <system-out/>
  <testcase name="xAPI" time="192.385" classname="TestScripts.TCNG"/>
  <system-out/>
  <testcase name="xApiDelete" time="89.769" classname="TestScripts.TCNG"/>
  <system-out/>
</testsuite> <!-- TestScripts.TCNG -->
