<?xml version="1.0" encoding="UTF-8"?>
<!-- Generated by org.testng.reporters.JUnitReportReporter -->
<testsuite skipped="0" hostname="GIChirukuri1IN" name="TestScripts.SocialTC" tests="8" failures="0" timestamp="2020-12-02T17:21:42 IST" time="333.391" errors="0">
  <testcase name="createcomm" time="29.192" classname="TestScripts.SocialTC"/>
  <system-out/>
  <testcase name="newFile" time="52.180" classname="TestScripts.SocialTC"/>
  <system-out/>
  <testcase name="deleteFile" time="30.698" classname="TestScripts.SocialTC"/>
  <system-out/>
  <testcase name="deleteBlog" time="45.035" classname="TestScripts.SocialTC"/>
  <system-out/>
  <testcase name="createDiscussion" time="47.812" classname="TestScripts.SocialTC"/>
  <system-out/>
  <testcase name="deletecomm" time="46.344" classname="TestScripts.SocialTC"/>
  <system-out/>
  <testcase name="createBlog" time="33.335" classname="TestScripts.SocialTC"/>
  <system-out/>
  <testcase name="deleteDiscussion" time="48.795" classname="TestScripts.SocialTC"/>
  <system-out/>
</testsuite> <!-- TestScripts.SocialTC -->
